<?xml version="1.0" encoding="UTF-8"?>
<!-- Generated by org.testng.reporters.JUnitReportReporter -->
<testsuite skipped="0" hostname="DESKTOP-TSE6K3A" name="testNG.Example2" tests="3" failures="0" timestamp="2022-10-19T19:11:20 IST" time="0.024" errors="0">
  <testcase name="checknotification" time="0.006" classname="testNG.Example2"/>
  <system-out/>
  <testcase name="login" time="0.008" classname="testNG.Example2"/>
  <system-out/>
  <testcase name="signout" time="0.010" classname="testNG.Example2"/>
  <system-out/>
</testsuite> <!-- testNG.Example2 -->
