<?xml version="1.0" encoding="UTF-8"?>
<!-- Generated by org.testng.reporters.JUnitReportReporter -->
<testsuite skipped="0" hostname="DESKTOP-TSE6K3A" name="testNG.Exampleparam2" tests="3" failures="0" timestamp="2022-10-19T18:29:49 IST" time="0.014" errors="0">
  <testcase name="login" time="0.009" classname="testNG.Exampleparam2"/>
  <system-out/>
  <testcase name="sendEmail" time="0.003" classname="testNG.Exampleparam2"/>
  <system-out/>
  <testcase name="logout" time="0.002" classname="testNG.Exampleparam2"/>
  <system-out/>
</testsuite> <!-- testNG.Exampleparam2 -->
