<?xml version="1.0" encoding="UTF-8"?>
<!-- Generated by org.testng.reporters.JUnitReportReporter -->
<testsuite skipped="0" hostname="DESKTOP-TSE6K3A" name="testNG1.NewTest" tests="1" failures="0" timestamp="2022-10-19T15:23:15 IST" time="9.750" errors="0">
  <testcase name="RedBus" time="9.750" classname="testNG1.NewTest"/>
  <system-out/>
</testsuite> <!-- testNG1.NewTest -->
