<?xml version="1.0" encoding="UTF-8"?>
<!-- Generated by org.testng.reporters.JUnitReportReporter -->
<testsuite skipped="2" hostname="DESKTOP-TSE6K3A" name="testNG.Example_param3" tests="3" failures="0" timestamp="2022-10-19T18:54:30 IST" time="0.014" errors="0">
  <testcase name="parameter3" time="0.014" classname="testNG.Example_param3"/>
  <system-out/>
  <testcase name="parameter2" classname="testNG.Example_param3">
    <skipped/>
  </testcase> <!-- parameter2 -->
  <system-out/>
  <testcase name="parameter1" classname="testNG.Example_param3">
    <skipped/>
  </testcase> <!-- parameter1 -->
  <system-out/>
</testsuite> <!-- testNG.Example_param3 -->
