<?xml version="1.0" encoding="UTF-8"?>
<!-- Generated by org.testng.reporters.JUnitReportReporter -->
<testsuite skipped="0" hostname="DESKTOP-TSE6K3A" name="testNG.Examplechrome" tests="1" failures="0" timestamp="2022-10-19T21:03:03 IST" time="42.346" errors="0">
  <testcase name="loginPageValidationInActitimeApplication" time="42.346" classname="testNG.Examplechrome"/>
  <system-out/>
</testsuite> <!-- testNG.Examplechrome -->
