<?xml version="1.0" encoding="UTF-8"?>
<!-- Generated by org.testng.reporters.JUnitReportReporter -->
<testsuite skipped="0" hostname="DESKTOP-TSE6K3A" name="testNG.Example7Test" tests="3" failures="0" timestamp="2022-10-19T20:32:13 IST" time="0.024" errors="0">
  <testcase name="verifylogin" time="0.008" classname="testNG.Example7Test"/>
  <system-out/>
  <testcase name="createTask" time="0.009" classname="testNG.Example7Test"/>
  <system-out/>
  <testcase name="deleteTask" time="0.007" classname="testNG.Example7Test"/>
  <system-out/>
</testsuite> <!-- testNG.Example7Test -->
