<?xml version="1.0" encoding="UTF-8"?>
<!-- Generated by org.testng.reporters.JUnitReportReporter -->
<testsuite skipped="0" hostname="DESKTOP-TSE6K3A" name="testNG.Example3" tests="3" failures="0" timestamp="2022-10-19T19:26:16 IST" time="5.031" errors="0">
  <testcase name="signout" time="0.012" classname="testNG.Example3"/>
  <system-out/>
  <testcase name="checknotification" time="5.016" classname="testNG.Example3"/>
  <system-out/>
  <testcase name="login" time="0.003" classname="testNG.Example3"/>
  <system-out/>
</testsuite> <!-- testNG.Example3 -->
