<?xml version="1.0" encoding="UTF-8"?>
<!-- Generated by org.testng.reporters.JUnitReportReporter -->
<testsuite skipped="0" hostname="DESKTOP-TSE6K3A" name="testNG.Example6Test" tests="3" failures="0" timestamp="2022-10-19T20:16:15 IST" time="0.021" errors="0">
  <testcase name="verifylogin" time="0.009" classname="testNG.Example6Test"/>
  <system-out/>
  <testcase name="deleteTask" time="0.010" classname="testNG.Example6Test"/>
  <system-out/>
  <testcase name="createTask" time="0.002" classname="testNG.Example6Test"/>
  <system-out/>
</testsuite> <!-- testNG.Example6Test -->
