<?xml version="1.0" encoding="UTF-8"?>
<!-- Generated by org.testng.reporters.JUnitReportReporter -->
<testsuite skipped="0" hostname="DESKTOP-TSE6K3A" name="testNG.Example5Test" tests="4" failures="0" timestamp="2022-10-19T20:02:35 IST" time="0.022" errors="0">
  <testcase name="openBrowser" time="0.010" classname="testNG.Example5Test"/>
  <system-out/>
  <testcase name="verifylogin" time="0.003" classname="testNG.Example5Test"/>
  <system-out/>
  <testcase name="createTask" time="0.007" classname="testNG.Example5Test"/>
  <system-out/>
  <testcase name="closeBrowser" time="0.002" classname="testNG.Example5Test"/>
  <system-out/>
</testsuite> <!-- testNG.Example5Test -->
