<?xml version="1.0" encoding="UTF-8"?>
<!-- Generated by org.testng.reporters.JUnitReportReporter -->
<testsuite skipped="0" hostname="DESKTOP-TSE6K3A" name="testNG.NewTest" tests="4" failures="0" timestamp="2022-10-19T18:23:37 IST" time="0.015" errors="0">
  <testcase name="param1" time="0.002" classname="testNG.NewTest"/>
  <system-out/>
  <testcase name="param1" time="0.002" classname="testNG.NewTest"/>
  <system-out/>
  <testcase name="param1" time="0.009" classname="testNG.NewTest"/>
  <system-out/>
  <testcase name="param1" time="0.002" classname="testNG.NewTest"/>
  <system-out/>
</testsuite> <!-- testNG.NewTest -->
